{
  "stats": {
    "suites": 1,
    "tests": 1,
    "passes": 1,
    "pending": 0,
    "failures": 0,
    "start": "2024-11-25T02:09:16.703Z",
    "end": "2024-11-25T02:09:25.816Z",
    "duration": 9113,
    "testsRegistered": 1,
    "passPercent": 100,
    "pendingPercent": 0,
    "other": 0,
    "hasOther": false,
    "skipped": 0,
    "hasSkipped": false
  },
  "results": [
    {
      "uuid": "6bb52521-ccfc-46e5-9f31-a6918e4a7df1",
      "title": "",
      "fullFile": "cypress\\e2e\\Tests\\register.cy.js",
      "file": "cypress\\e2e\\Tests\\register.cy.js",
      "beforeHooks": [],
      "afterHooks": [],
      "tests": [],
      "suites": [
        {
          "uuid": "b759f67e-d123-4b78-8d35-b9f9cd4d9977",
          "title": "Test Register User",
          "fullFile": "",
          "file": "",
          "beforeHooks": [],
          "afterHooks": [],
          "tests": [
            {
              "title": "El usuario se registra correctamente",
              "fullTitle": "Test Register User El usuario se registra correctamente",
              "timedOut": null,
              "duration": 5761,
              "state": "passed",
              "speed": "medium",
              "pass": true,
              "fail": false,
              "pending": false,
              "context": null,
              "code": "cy.log(\"Se inicia el Registro....\");\n_PageRegister.default.clickRegister();\n_PageRegister.default.registroFormulario(\"Rafael Sarmiento Torres Lopez\", \"lopezsermientorafa@gmail.com\", \"Alemania23.\");\n_PageRegister.default.clickRegisterUser();\n_PageRegister.default.textAlertVerify(\"Successful registration\");",
              "err": {},
              "uuid": "c3a7cab0-7f35-4756-b7d0-1346fcac412a",
              "parentUUID": "b759f67e-d123-4b78-8d35-b9f9cd4d9977",
              "isHook": false,
              "skipped": false
            }
          ],
          "suites": [],
          "passes": [
            "c3a7cab0-7f35-4756-b7d0-1346fcac412a"
          ],
          "failures": [],
          "pending": [],
          "skipped": [],
          "duration": 5761,
          "root": false,
          "rootEmpty": false,
          "_timeout": 2000
        }
      ],
      "passes": [],
      "failures": [],
      "pending": [],
      "skipped": [],
      "duration": 0,
      "root": true,
      "rootEmpty": true,
      "_timeout": 2000
    }
  ],
  "meta": {
    "mocha": {
      "version": "7.0.1"
    },
    "mochawesome": {
      "options": {
        "quiet": false,
        "reportFilename": "mochawesome",
        "saveHtml": true,
        "saveJson": true,
        "consoleReporter": "spec",
        "useInlineDiffs": false,
        "code": true
      },
      "version": "7.1.3"
    },
    "marge": {
      "options": {
        "reportDir": "cypress/reports",
        "overwrite": false,
        "html": true,
        "json": true
      },
      "version": "6.2.0"
    }
  }
}